+------------------------------------------------------------------------------+
| Accuracy of Decision Tree (%)  L K = 30 50                                   |
|------------------------------------------------------------------------------|
| Heuristics                       | Information Gain    | Variance Impurity   |
|----------------------------------|---------------------|---------------------|
| The Original Tree                | 0.7426286856571714  | 0.7461269365317341  |
| The Pruned Tree                  | 0.7646176911544228  | 0.7611194402798601  |
| Testing data for Decision Tree   | 0.751624187906047   | 0.7611194402798601  |
| Testing data for Pruned Tree     | 0.760119940029985   | 0.760119940029985   |
+------------------------------------------------------------------------------+

+------------------------------------------------------------------------------+
| Accuracy of Decision Tree (%)  L K = 70 100                                  |
|------------------------------------------------------------------------------|
| Heuristics                       | Information Gain    | Variance Impurity   |
|----------------------------------|---------------------|---------------------|
| The Original Tree                | 0.7426286856571714  | 0.7461269365317341  |
| The Pruned Tree                  | 0.7511244377811095  | 0.7511244377811095  |
| Testing data for Decision Tree   | 0.751624187906047   | 0.7611194402798601  |
| Testing data for Pruned Tree     | 0.7621189405297352  | 0.7526236881559221  |
+------------------------------------------------------------------------------+

+------------------------------------------------------------------------------+
| Accuracy of Decision Tree (%)  L K = 90 150                                  |
|------------------------------------------------------------------------------|
| Heuristics                       | Information Gain    | Variance Impurity   |
|----------------------------------|---------------------|---------------------|
| The Original Tree                | 0.7426286856571714  | 0.7461269365317341  |
| The Pruned Tree                  | 0.7466266866566716  | 0.7461269365317341  |
| Testing data for Decision Tree   | 0.751624187906047   | 0.7611194402798601  |
| Testing data for Pruned Tree     | 0.7586206896551724  | 0.7611194402798601  |
+------------------------------------------------------------------------------+

+------------------------------------------------------------------------------+
| Accuracy of Decision Tree (%)  L K = 100 200                                 |
|------------------------------------------------------------------------------|
| Heuristics                       | Information Gain    | Variance Impurity   |
|----------------------------------|---------------------|---------------------|
| The Original Tree                | 0.7426286856571714  | 0.7461269365317341  |
| The Pruned Tree                  | 0.7546226886556722  | 0.7526236881559221  |
| Testing data for Decision Tree   | 0.751624187906047   | 0.7611194402798601  |
| Testing data for Pruned Tree     | 0.7641179410294853  | 0.7596201899050474  |
+------------------------------------------------------------------------------+

+------------------------------------------------------------------------------+
| Accuracy of Decision Tree (%)  L K = 150 250                                 |
|------------------------------------------------------------------------------|
| Heuristics                       | Information Gain    | Variance Impurity   |
|----------------------------------|---------------------|---------------------|
| The Original Tree                | 0.7426286856571714  | 0.7461269365317341  |
| The Pruned Tree                  | 0.7526236881559221  | 0.750624687656172   |
| Testing data for Decision Tree   | 0.751624187906047   | 0.7611194402798601  |
| Testing data for Pruned Tree     | 0.7566216891554223  | 0.7651174412793603  |
+------------------------------------------------------------------------------+

+------------------------------------------------------------------------------+
| Accuracy of Decision Tree (%)  L K = 200 300                                 |
|------------------------------------------------------------------------------|
| Heuristics                       | Information Gain    | Variance Impurity   |
|----------------------------------|---------------------|---------------------|
| The Original Tree                | 0.7426286856571714  | 0.7461269365317341  |
| The Pruned Tree                  | 0.7461269365317341  | 0.7646176911544228  |
| Testing data for Decision Tree   | 0.751624187906047   | 0.7611194402798601  |
| Testing data for Pruned Tree     | 0.7741129435282359  | 0.7596201899050474  |
+------------------------------------------------------------------------------+

+------------------------------------------------------------------------------+
| Accuracy of Decision Tree (%)  L K = 300 400                                 |
|------------------------------------------------------------------------------|
| Heuristics                       | Information Gain    | Variance Impurity   |
|----------------------------------|---------------------|---------------------|
| The Original Tree                | 0.7426286856571714  | 0.7461269365317341  |
| The Pruned Tree                  | 0.7461269365317341  | 0.7596201899050474  |
| Testing data for Decision Tree   | 0.751624187906047   | 0.7611194402798601  |
| Testing data for Pruned Tree     | 0.7546226886556722  | 0.7411294352823589  |
+------------------------------------------------------------------------------+

+------------------------------------------------------------------------------+
| Accuracy of Decision Tree (%)  L K = 400 500                                 |
|------------------------------------------------------------------------------|
| Heuristics                       | Information Gain    | Variance Impurity   |
|----------------------------------|---------------------|---------------------|
| The Original Tree                | 0.7426286856571714  | 0.7461269365317341  |
| The Pruned Tree                  | 0.7706146926536732  | 0.7536231884057971  |
| Testing data for Decision Tree   | 0.751624187906047   | 0.7611194402798601  |
| Testing data for Pruned Tree     | 0.7721139430284858  | 0.744127936031984   |
+------------------------------------------------------------------------------+

+------------------------------------------------------------------------------+
| Accuracy of Decision Tree (%)  L K = 500 550                                 |
|------------------------------------------------------------------------------|
| Heuristics                       | Information Gain    | Variance Impurity   |
|----------------------------------|---------------------|---------------------|
| The Original Tree                | 0.7426286856571714  | 0.7461269365317341  |
| The Pruned Tree                  | 0.7541229385307346  | 0.7496251874062968  |
| Testing data for Decision Tree   | 0.751624187906047   | 0.7611194402798601  |
| Testing data for Pruned Tree     | 0.7656171914042978  | 0.769615192403798   |
+------------------------------------------------------------------------------+

+------------------------------------------------------------------------------+
| Accuracy of Decision Tree (%)  L K = 600 600                                 |
|------------------------------------------------------------------------------|
| Heuristics                       | Information Gain    | Variance Impurity   |
|----------------------------------|---------------------|---------------------|
| The Original Tree                | 0.7426286856571714  | 0.7461269365317341  |
| The Pruned Tree                  | 0.7531234382808596  | 0.7566216891554223  |
| Testing data for Decision Tree   | 0.751624187906047   | 0.7611194402798601  |
| Testing data for Pruned Tree     | 0.7611194402798601  | 0.7691154422788605  |
+------------------------------------------------------------------------------+
