+------------------------------------------------------------------------------+
| Accuracy of Decision Tree (%)  L K = 30 50                                   |
|------------------------------------------------------------------------------|
| Heuristics                       | Information Gain    | Variance Impurity   |
|----------------------------------|---------------------|---------------------|
| The Original Tree                | 0.7653910149750416  | 0.7487520798668885  |
| The Pruned Tree                  | 0.7886855241264559  | 0.7537437603993344  |
| Testing data for Decision Tree   | 0.7454242928452579  | 0.7420965058236273  |
| Testing data for Pruned Tree     | 0.757071547420965   | 0.7420965058236273  |
+------------------------------------------------------------------------------+

+------------------------------------------------------------------------------+
| Accuracy of Decision Tree (%)  L K = 70 100                                  |
|------------------------------------------------------------------------------|
| Heuristics                       | Information Gain    | Variance Impurity   |
|----------------------------------|---------------------|---------------------|
| The Original Tree                | 0.7653910149750416  | 0.7487520798668885  |
| The Pruned Tree                  | 0.7720465890183028  | 0.7703826955074875  |
| Testing data for Decision Tree   | 0.7454242928452579  | 0.7420965058236273  |
| Testing data for Pruned Tree     | 0.7637271214642263  | 0.7470881863560732  |
+------------------------------------------------------------------------------+

+------------------------------------------------------------------------------+
| Accuracy of Decision Tree (%)  L K = 90 150                                  |
|------------------------------------------------------------------------------|
| Heuristics                       | Information Gain    | Variance Impurity   |
|----------------------------------|---------------------|---------------------|
| The Original Tree                | 0.7653910149750416  | 0.7487520798668885  |
| The Pruned Tree                  | 0.7920133111480865  | 0.7587354409317804  |
| Testing data for Decision Tree   | 0.7454242928452579  | 0.7420965058236273  |
| Testing data for Pruned Tree     | 0.7520798668885191  | 0.7437603993344426  |
+------------------------------------------------------------------------------+

+------------------------------------------------------------------------------+
| Accuracy of Decision Tree (%)  L K = 100 200                                 |
|------------------------------------------------------------------------------|
| Heuristics                       | Information Gain    | Variance Impurity   |
|----------------------------------|---------------------|---------------------|
| The Original Tree                | 0.7653910149750416  | 0.7487520798668885  |
| The Pruned Tree                  | 0.7737104825291181  | 0.757071547420965   |
| Testing data for Decision Tree   | 0.7454242928452579  | 0.7420965058236273  |
| Testing data for Pruned Tree     | 0.7637271214642263  | 0.7420965058236273  |
+------------------------------------------------------------------------------+

+------------------------------------------------------------------------------+
| Accuracy of Decision Tree (%)  L K = 150 250                                 |
|------------------------------------------------------------------------------|
| Heuristics                       | Information Gain    | Variance Impurity   |
|----------------------------------|---------------------|---------------------|
| The Original Tree                | 0.7653910149750416  | 0.7487520798668885  |
| The Pruned Tree                  | 0.7770382695507487  | 0.7737104825291181  |
| Testing data for Decision Tree   | 0.7454242928452579  | 0.7420965058236273  |
| Testing data for Pruned Tree     | 0.7537437603993344  | 0.7653910149750416  |
+------------------------------------------------------------------------------+

+------------------------------------------------------------------------------+
| Accuracy of Decision Tree (%)  L K = 200 300                                 |
|------------------------------------------------------------------------------|
| Heuristics                       | Information Gain    | Variance Impurity   |
|----------------------------------|---------------------|---------------------|
| The Original Tree                | 0.7653910149750416  | 0.7487520798668885  |
| The Pruned Tree                  | 0.7703826955074875  | 0.7703826955074875  |
| Testing data for Decision Tree   | 0.7454242928452579  | 0.7420965058236273  |
| Testing data for Pruned Tree     | 0.7520798668885191  | 0.7487520798668885  |
+------------------------------------------------------------------------------+

+------------------------------------------------------------------------------+
| Accuracy of Decision Tree (%)  L K = 300 400                                 |
|------------------------------------------------------------------------------|
| Heuristics                       | Information Gain    | Variance Impurity   |
|----------------------------------|---------------------|---------------------|
| The Original Tree                | 0.7653910149750416  | 0.7487520798668885  |
| The Pruned Tree                  | 0.7803660565723793  | 0.7637271214642263  |
| Testing data for Decision Tree   | 0.7454242928452579  | 0.7420965058236273  |
| Testing data for Pruned Tree     | 0.7670549084858569  | 0.7387687188019967  |
+------------------------------------------------------------------------------+

+------------------------------------------------------------------------------+
| Accuracy of Decision Tree (%)  L K = 400 500                                 |
|------------------------------------------------------------------------------|
| Heuristics                       | Information Gain    | Variance Impurity   |
|----------------------------------|---------------------|---------------------|
| The Original Tree                | 0.7653910149750416  | 0.7487520798668885  |
| The Pruned Tree                  | 0.7737104825291181  | 0.7603993344425957  |
| Testing data for Decision Tree   | 0.7454242928452579  | 0.7420965058236273  |
| Testing data for Pruned Tree     | 0.7437603993344426  | 0.7237936772046589  |
+------------------------------------------------------------------------------+

+------------------------------------------------------------------------------+
| Accuracy of Decision Tree (%)  L K = 500 550                                 |
|------------------------------------------------------------------------------|
| Heuristics                       | Information Gain    | Variance Impurity   |
|----------------------------------|---------------------|---------------------|
| The Original Tree                | 0.7653910149750416  | 0.7487520798668885  |
| The Pruned Tree                  | 0.7903494176372712  | 0.7603993344425957  |
| Testing data for Decision Tree   | 0.7454242928452579  | 0.7420965058236273  |
| Testing data for Pruned Tree     | 0.7437603993344426  | 0.7304492512479202  |
+------------------------------------------------------------------------------+

+------------------------------------------------------------------------------+
| Accuracy of Decision Tree (%)  L K = 600 600                                 |
|------------------------------------------------------------------------------|
| Heuristics                       | Information Gain    | Variance Impurity   |
|----------------------------------|---------------------|---------------------|
| The Original Tree                | 0.7653910149750416  | 0.7487520798668885  |
| The Pruned Tree                  | 0.7803660565723793  | 0.7687188019966722  |
| Testing data for Decision Tree   | 0.7454242928452579  | 0.7420965058236273  |
| Testing data for Pruned Tree     | 0.7354409317803661  | 0.762063227953411   |
+------------------------------------------------------------------------------+
